0 info it worked if it ends with ok
1 verbose cli [ 'C:\\Program Files\\nodejs\\node.exe',
1 verbose cli   'C:\\Program Files\\nodejs\\node_modules\\npm\\bin\\npm-cli.js',
1 verbose cli   'install',
1 verbose cli   'QRCode' ]
2 info using npm@3.10.10
3 info using node@v6.9.4
4 silly loadCurrentTree Starting
5 silly install loadCurrentTree
6 silly install readLocalPackageData
7 silly fetchPackageMetaData QRCode
8 silly fetchNamedPackageData QRCode
9 silly mapToRegistry name QRCode
10 silly mapToRegistry using default registry
11 silly mapToRegistry registry https://registry.npmjs.org/
12 silly mapToRegistry data Result {
12 silly mapToRegistry   raw: 'QRCode',
12 silly mapToRegistry   scope: null,
12 silly mapToRegistry   escapedName: 'QRCode',
12 silly mapToRegistry   name: 'QRCode',
12 silly mapToRegistry   rawSpec: '',
12 silly mapToRegistry   spec: 'latest',
12 silly mapToRegistry   type: 'tag' }
13 silly mapToRegistry uri https://registry.npmjs.org/QRCode
14 verbose request uri https://registry.npmjs.org/QRCode
15 verbose request no auth needed
16 info attempt registry request try #1 at 19:49:07
17 verbose request id 1231ad9e5f9a9b02
18 http request GET https://registry.npmjs.org/QRCode
19 http 404 https://registry.npmjs.org/QRCode
20 verbose headers { date: 'Wed, 18 Jul 2018 11:49:22 GMT',
20 verbose headers   'content-type': 'application/json',
20 verbose headers   'content-length': '21',
20 verbose headers   connection: 'keep-alive',
20 verbose headers   'set-cookie': [ '__cfduid=d950395b148b94f6b7e4bf37d97885c8a1531914562; expires=Thu, 18-Jul-19 11:49:22 GMT; path=/; domain=.registry.npmjs.org; HttpOnly' ],
20 verbose headers   'cache-control': 'max-age=300',
20 verbose headers   'cf-cache-status': 'MISS',
20 verbose headers   'cf-ray': '43c4b97fcec2141f-LAX',
20 verbose headers   'expect-ct': 'max-age=604800, report-uri="https://report-uri.cloudflare.com/cdn-cgi/beacon/expect-ct"',
20 verbose headers   'npm-notice': 'Due to a recent security incident, all user tokens have been invalidated. Please see https://status.npmjs.org/incidents/dn7c1fgrr7ng for more details. To generate a new token, visit https://www.npmjs.com/settings/~/tokens or run "npm login".',
20 verbose headers   vary: 'accept-encoding, accept',
20 verbose headers   server: 'cloudflare' }
21 warn notice Due to a recent security incident, all user tokens have been invalidated. Please see https://status.npmjs.org/incidents/dn7c1fgrr7ng for more details. To generate a new token, visit https://www.npmjs.com/settings/~/tokens or run "npm login".
22 silly get cb [ 404,
22 silly get   { date: 'Wed, 18 Jul 2018 11:49:22 GMT',
22 silly get     'content-type': 'application/json',
22 silly get     'content-length': '21',
22 silly get     connection: 'keep-alive',
22 silly get     'set-cookie': [ '__cfduid=d950395b148b94f6b7e4bf37d97885c8a1531914562; expires=Thu, 18-Jul-19 11:49:22 GMT; path=/; domain=.registry.npmjs.org; HttpOnly' ],
22 silly get     'cache-control': 'max-age=300',
22 silly get     'cf-cache-status': 'MISS',
22 silly get     'cf-ray': '43c4b97fcec2141f-LAX',
22 silly get     'expect-ct': 'max-age=604800, report-uri="https://report-uri.cloudflare.com/cdn-cgi/beacon/expect-ct"',
22 silly get     'npm-notice': 'Due to a recent security incident, all user tokens have been invalidated. Please see https://status.npmjs.org/incidents/dn7c1fgrr7ng for more details. To generate a new token, visit https://www.npmjs.com/settings/~/tokens or run "npm login".',
22 silly get     vary: 'accept-encoding, accept',
22 silly get     server: 'cloudflare' } ]
23 silly fetchPackageMetaData Error: Not found : QRCode
23 silly fetchPackageMetaData     at makeError (C:\Users\bitao.ren\AppData\Roaming\nvm\v6.9.4\node_modules\npm\node_modules\npm-registry-client\lib\request.js:302:12)
23 silly fetchPackageMetaData     at CachingRegistryClient.<anonymous> (C:\Users\bitao.ren\AppData\Roaming\nvm\v6.9.4\node_modules\npm\node_modules\npm-registry-client\lib\request.js:290:14)
23 silly fetchPackageMetaData     at Request._callback (C:\Users\bitao.ren\AppData\Roaming\nvm\v6.9.4\node_modules\npm\node_modules\npm-registry-client\lib\request.js:210:14)
23 silly fetchPackageMetaData     at Request.self.callback (C:\Users\bitao.ren\AppData\Roaming\nvm\v6.9.4\node_modules\npm\node_modules\request\request.js:187:22)
23 silly fetchPackageMetaData     at emitTwo (events.js:106:13)
23 silly fetchPackageMetaData     at Request.emit (events.js:191:7)
23 silly fetchPackageMetaData     at Request.<anonymous> (C:\Users\bitao.ren\AppData\Roaming\nvm\v6.9.4\node_modules\npm\node_modules\request\request.js:1048:10)
23 silly fetchPackageMetaData     at emitOne (events.js:96:13)
23 silly fetchPackageMetaData     at Request.emit (events.js:188:7)
23 silly fetchPackageMetaData     at IncomingMessage.<anonymous> (C:\Users\bitao.ren\AppData\Roaming\nvm\v6.9.4\node_modules\npm\node_modules\request\request.js:969:12)
23 silly fetchPackageMetaData  error for QRCode { Error: Not found : QRCode
23 silly fetchPackageMetaData     at makeError (C:\Users\bitao.ren\AppData\Roaming\nvm\v6.9.4\node_modules\npm\node_modules\npm-registry-client\lib\request.js:302:12)
23 silly fetchPackageMetaData     at CachingRegistryClient.<anonymous> (C:\Users\bitao.ren\AppData\Roaming\nvm\v6.9.4\node_modules\npm\node_modules\npm-registry-client\lib\request.js:290:14)
23 silly fetchPackageMetaData     at Request._callback (C:\Users\bitao.ren\AppData\Roaming\nvm\v6.9.4\node_modules\npm\node_modules\npm-registry-client\lib\request.js:210:14)
23 silly fetchPackageMetaData     at Request.self.callback (C:\Users\bitao.ren\AppData\Roaming\nvm\v6.9.4\node_modules\npm\node_modules\request\request.js:187:22)
23 silly fetchPackageMetaData     at emitTwo (events.js:106:13)
23 silly fetchPackageMetaData     at Request.emit (events.js:191:7)
23 silly fetchPackageMetaData     at Request.<anonymous> (C:\Users\bitao.ren\AppData\Roaming\nvm\v6.9.4\node_modules\npm\node_modules\request\request.js:1048:10)
23 silly fetchPackageMetaData     at emitOne (events.js:96:13)
23 silly fetchPackageMetaData     at Request.emit (events.js:188:7)
23 silly fetchPackageMetaData     at IncomingMessage.<anonymous> (C:\Users\bitao.ren\AppData\Roaming\nvm\v6.9.4\node_modules\npm\node_modules\request\request.js:969:12) pkgid: 'QRCode', statusCode: 404, code: 'E404' }
24 silly rollbackFailedOptional Starting
25 silly rollbackFailedOptional Finishing
26 silly runTopLevelLifecycles Finishing
27 silly install printInstalled
28 verbose stack Error: Not found : QRCode
28 verbose stack     at makeError (C:\Users\bitao.ren\AppData\Roaming\nvm\v6.9.4\node_modules\npm\node_modules\npm-registry-client\lib\request.js:302:12)
28 verbose stack     at CachingRegistryClient.<anonymous> (C:\Users\bitao.ren\AppData\Roaming\nvm\v6.9.4\node_modules\npm\node_modules\npm-registry-client\lib\request.js:290:14)
28 verbose stack     at Request._callback (C:\Users\bitao.ren\AppData\Roaming\nvm\v6.9.4\node_modules\npm\node_modules\npm-registry-client\lib\request.js:210:14)
28 verbose stack     at Request.self.callback (C:\Users\bitao.ren\AppData\Roaming\nvm\v6.9.4\node_modules\npm\node_modules\request\request.js:187:22)
28 verbose stack     at emitTwo (events.js:106:13)
28 verbose stack     at Request.emit (events.js:191:7)
28 verbose stack     at Request.<anonymous> (C:\Users\bitao.ren\AppData\Roaming\nvm\v6.9.4\node_modules\npm\node_modules\request\request.js:1048:10)
28 verbose stack     at emitOne (events.js:96:13)
28 verbose stack     at Request.emit (events.js:188:7)
28 verbose stack     at IncomingMessage.<anonymous> (C:\Users\bitao.ren\AppData\Roaming\nvm\v6.9.4\node_modules\npm\node_modules\request\request.js:969:12)
29 verbose statusCode 404
30 verbose pkgid QRCode
31 verbose cwd D:\wordspace\react-3d-web5
32 error Windows_NT 10.0.16299
33 error argv "C:\\Program Files\\nodejs\\node.exe" "C:\\Program Files\\nodejs\\node_modules\\npm\\bin\\npm-cli.js" "install" "QRCode"
34 error node v6.9.4
35 error npm  v3.10.10
36 error code E404
37 error 404 Not found : QRCode
38 error 404
39 error 404 'QRCode' is not in the npm registry.
40 error 404 Your package name is not valid, because
41 error 404 1. name can no longer contain capital letters
42 error 404 Note that you can also install from a
43 error 404 tarball, folder, http url, or git url.
44 verbose exit [ 1, true ]
